<?xml version="1.0" encoding="UTF-8"?>
<!-- Generated by org.testng.reporters.JUnitXMLReporter -->
<testsuite hostname="Tanus-MacBook-Pro.local" name="Default test" tests="3" failures="0" timestamp="18 May 2018 12:33:11 GMT" time="0.027" errors="0">
  <testcase name="@BeforeTest setUp" time="0.0" classname="com.hellofresh.challenge.WebTest">
    <failure type="org.testng.TestNGException" message="
Parameter &amp;apos;url&amp;apos; is required by @Configuration on method setUp but has not been marked @Optional or defined
in /private/var/folders/d2/6m6mnjpx7w711442w9k4cxs00000gn/T/testng-eclipse-1169335744/testng-customsuite.xml">
      <![CDATA[org.testng.TestNGException: 
Parameter 'url' is required by @Configuration on method setUp but has not been marked @Optional or defined
in /private/var/folders/d2/6m6mnjpx7w711442w9k4cxs00000gn/T/testng-eclipse-1169335744/testng-customsuite.xml
	at org.testng.internal.Parameters.createParameters(Parameters.java:155)
	at org.testng.internal.Parameters.createParameters(Parameters.java:355)
	at org.testng.internal.Parameters.createConfigurationParameters(Parameters.java:86)
	at org.testng.internal.Invoker.invokeConfigurations(Invoker.java:199)
	at org.testng.internal.Invoker.invokeConfigurations(Invoker.java:138)
	at org.testng.TestRunner.beforeRun(TestRunner.java:641)
	at org.testng.TestRunner.run(TestRunner.java:609)
	at org.testng.SuiteRunner.runTest(SuiteRunner.java:334)
	at org.testng.SuiteRunner.runSequentially(SuiteRunner.java:329)
	at org.testng.SuiteRunner.privateRun(SuiteRunner.java:291)
	at org.testng.SuiteRunner.run(SuiteRunner.java:240)
	at org.testng.SuiteRunnerWorker.runSuite(SuiteRunnerWorker.java:52)
	at org.testng.SuiteRunnerWorker.run(SuiteRunnerWorker.java:86)
	at org.testng.TestNG.runSuitesSequentially(TestNG.java:1198)
	at org.testng.TestNG.runSuitesLocally(TestNG.java:1123)
	at org.testng.TestNG.run(TestNG.java:1031)
	at org.testng.remote.AbstractRemoteTestNG.run(AbstractRemoteTestNG.java:114)
	at org.testng.remote.RemoteTestNG.initAndRun(RemoteTestNG.java:251)
	at org.testng.remote.RemoteTestNG.main(RemoteTestNG.java:77)
]]>
    </failure>
  </testcase> <!-- @BeforeTest setUp -->
  <testcase name="@AfterTest tearDown" time="0.0" classname="com.hellofresh.challenge.WebTest">
    <skipped/>
  </testcase> <!-- @AfterTest tearDown -->
  <testcase name="signInTest" time="0.004" classname="com.hellofresh.challenge.WebTest">
    <skipped/>
  </testcase> <!-- signInTest -->
  <testcase name="logInTest" time="0.0" classname="com.hellofresh.challenge.WebTest">
    <skipped/>
  </testcase> <!-- logInTest -->
  <testcase name="checkoutTest" time="0.0" classname="com.hellofresh.challenge.WebTest">
    <skipped/>
  </testcase> <!-- checkoutTest -->
</testsuite> <!-- Default test -->
